<?xml version="1.0" encoding="UTF-8"?>
<!-- Generated by org.testng.reporters.JUnitXMLReporter -->
<testsuite ignored="0" hostname="DESKTOP-4LB3L2I" failures="0" tests="4" name="Test" time="0.089" errors="0" timestamp="2023-02-03T23:48:23 EST">
  <testcase classname="scripts.Tc1" name="demo" time="0.012"/>
  <testcase classname="scripts.Tc2" name="demo" time="0.003"/>
  <testcase classname="scripts.Tc3" name="demo" time="0.005"/>
  <testcase classname="scripts.Tc4" name="demo" time="0.004"/>
</testsuite> <!-- Test -->
