<?xml version="1.0" encoding="UTF-8"?>
<testng-results ignored="0" total="4" passed="4" failed="0" skipped="0">
  <reporter-output>
    <line>
      <![CDATA[hello]]>
    </line>
    <line>
      <![CDATA[hello selenium]]>
    </line>
    <line>
      <![CDATA[hello java]]>
    </line>
    <line>
      <![CDATA[hello javaSelenium]]>
    </line>
  </reporter-output>
  <suite started-at="2023-02-03T23:48:22 EST" name="Suite" finished-at="2023-02-03T23:48:22 EST" duration-ms="89">
    <groups>
    </groups>
    <test started-at="2023-02-03T23:48:22 EST" name="Test" finished-at="2023-02-03T23:48:22 EST" duration-ms="89">
      <class name="scripts.Tc3">
        <test-method signature="demo()[pri:0, instance:scripts.Tc3@101952da]" started-at="2023-02-03T23:48:22 EST" name="demo" finished-at="2023-02-03T23:48:22 EST" duration-ms="5" status="PASS">
          <reporter-output>
            <line>
              <![CDATA[hello java]]>
            </line>
          </reporter-output>
        </test-method> <!-- demo -->
      </class> <!-- scripts.Tc3 -->
      <class name="scripts.Tc4">
        <test-method signature="demo()[pri:0, instance:scripts.Tc4@6babf3bf]" started-at="2023-02-03T23:48:22 EST" name="demo" finished-at="2023-02-03T23:48:22 EST" duration-ms="4" status="PASS">
          <reporter-output>
            <line>
              <![CDATA[hello javaSelenium]]>
            </line>
          </reporter-output>
        </test-method> <!-- demo -->
      </class> <!-- scripts.Tc4 -->
      <class name="scripts.Tc1">
        <test-method signature="demo()[pri:0, instance:scripts.Tc1@1a4013]" started-at="2023-02-03T23:48:22 EST" name="demo" finished-at="2023-02-03T23:48:22 EST" duration-ms="12" status="PASS">
          <reporter-output>
            <line>
              <![CDATA[hello]]>
            </line>
          </reporter-output>
        </test-method> <!-- demo -->
      </class> <!-- scripts.Tc1 -->
      <class name="scripts.Tc2">
        <test-method signature="demo()[pri:0, instance:scripts.Tc2@50b5ac82]" started-at="2023-02-03T23:48:22 EST" name="demo" finished-at="2023-02-03T23:48:22 EST" duration-ms="3" status="PASS">
          <reporter-output>
            <line>
              <![CDATA[hello selenium]]>
            </line>
          </reporter-output>
        </test-method> <!-- demo -->
      </class> <!-- scripts.Tc2 -->
    </test> <!-- Test -->
  </suite> <!-- Suite -->
</testng-results>
